Sending build context to Docker daemon  20.81MB
Step 1/23 : FROM ubuntu:20.04
 ---> d5447fc01ae6
Step 2/23 : ENV DEBIAN_FRONTEND noninteractive
 ---> Using cache
 ---> 76c77b3312ee
Step 3/23 : RUN mkdir /install
 ---> Using cache
 ---> 31e53c510867
Step 4/23 : ADD fix_apt_install.sh /install/
 ---> Using cache
 ---> 209cbec76f7b
Step 5/23 : RUN /install/fix_apt_install.sh
 ---> Using cache
 ---> a0d15d1f2a49
Step 6/23 : RUN apt-get -y update
 ---> Using cache
 ---> 44ef3f92ccff
Step 7/23 : RUN apt-get -y upgrade
 ---> Using cache
 ---> 6b14ed7244b4
Step 8/23 : RUN apt install -y --no-install-recommends --fix-missing     sudo     curl     systemctl     gnupg     git     vim
 ---> Using cache
 ---> e41c17e4e53c
Step 9/23 : RUN apt install -y --no-install-recommends     python3     python3-pip     python3-dev
 ---> Using cache
 ---> c9262a1a11ba
Step 10/23 : RUN python3 --version
 ---> Using cache
 ---> 4d627bdb0a2f
Step 11/23 : RUN pip3 --version
 ---> Using cache
 ---> 023fcabad47b
Step 12/23 : RUN python3 -m pip install --upgrade pip
 ---> Using cache
 ---> 8643a082f818
Step 13/23 : RUN pip3 install     ipython     jupyter     jupyter-contrib-core     jupyter-contrib-nbextensions     yapf
 ---> Using cache
 ---> bd933efa74b0
Step 14/23 : RUN curl -fsSL https://www.mongodb.org/static/pgp/server-6.0.asc | sudo apt-key add - &&     echo "deb [ arch=amd64,arm64 ] https://repo.mongodb.org/apt/ubuntu focal/mongodb-org/6.0 multiverse" | sudo tee /etc/apt/sources.list.d/mongodb-org-6.0.list &&     apt update &&     curl -O http://archive.ubuntu.com/ubuntu/pool/main/o/openssl/libssl1.1_1.1.1f-1ubuntu2_amd64.deb &&     dpkg -i ./libssl1.1_1.1.1f-1ubuntu2_amd64.deb &&     apt install -y mongodb-org mongodb-org-server mongodb-org-shell
 ---> Using cache
 ---> 3b61c69ee5f6
Step 15/23 : RUN pip3 install     pymongo     ipython-mongo
 ---> Using cache
 ---> 2543e793219d
Step 16/23 : ADD etc_sudoers /install/
 ---> Using cache
 ---> 3aac2204ea6b
Step 17/23 : COPY etc_sudoers /etc/sudoers
 ---> Using cache
 ---> 836e7801da1e
Step 18/23 : COPY bashrc /root/.bashrc
 ---> Using cache
 ---> 238be6eb8dad
Step 19/23 : ADD install_jupyter_extensions.sh /install
 ---> Using cache
 ---> 572f424e7545
Step 20/23 : RUN /install/install_jupyter_extensions.sh
 ---> Using cache
 ---> 931e77ff2f36
Step 21/23 : ADD version.sh /install/
 ---> Using cache
 ---> 27950fc5aabd
Step 22/23 : RUN /install/version.sh 2>&1 | tee version.log
 ---> Using cache
 ---> 7f61b3239c44
Step 23/23 : EXPOSE 8888
 ---> Using cache
 ---> fe5eec81c5b6
Successfully built fe5eec81c5b6
Successfully tagged gpsaggese/umd_data605_mongodb:latest

Use 'docker scan' to run Snyk tests against images to find vulnerabilities and learn how to fix them
